<?xml version="1.0" encoding="utf-8"?><testsuites name="pytest tests"><testsuite name="pytest" errors="0" failures="0" skipped="0" tests="25" time="5.006" timestamp="2026-05-30T17:43:04.382818+00:00" hostname="agent-env-72a4728e-67b4-4b8b-8bf0-99c982a57c83"><testcase classname="backend.tests.test_email_auth.TestRegister" name="test_register_with_full_payload" time="0.512" /><testcase classname="backend.tests.test_email_auth.TestRegister" name="test_register_duplicate_email_returns_400" time="0.049" /><testcase classname="backend.tests.test_email_auth.TestRegister" name="test_register_duplicate_phone_returns_400" time="0.054" /><testcase classname="backend.tests.test_email_auth.TestRegister" name="test_register_without_phone_or_city_still_works" time="0.272" /><testcase classname="backend.tests.test_email_auth.TestLogin" name="test_login_success_with_just_registered" time="0.275" /><testcase classname="backend.tests.test_email_auth.TestLogin" name="test_login_wrong_password_401" time="0.268" /><testcase classname="backend.tests.test_email_auth.TestLogin" name="test_login_unknown_email_401" time="0.061" /><testcase classname="backend.tests.test_email_auth.TestAppleReviewAccount" name="test_apple_review_login" time="0.275" /><testcase classname="backend.tests.test_email_auth.TestAppleReviewAccount" name="test_apple_review_me_endpoint" time="0.047" /><testcase classname="backend.tests.test_email_auth.TestForgotPassword" name="test_forgot_password_known_email_returns_token" time="0.047" /><testcase classname="backend.tests.test_email_auth.TestForgotPassword" name="test_forgot_password_unknown_email_returns_200_with_null_token" time="0.044" /><testcase classname="backend.tests.test_email_auth.TestResetPassword" name="test_reset_password_too_short_400" time="0.048" /><testcase classname="backend.tests.test_email_auth.TestResetPassword" name="test_reset_password_wrong_token_400" time="0.047" /><testcase classname="backend.tests.test_email_auth.TestResetPassword" name="test_reset_password_success" time="1.172" /><testcase classname="backend.tests.test_email_auth.TestPhoneOTPRegression" name="test_phone_start" time="0.047" /><testcase classname="backend.tests.test_email_auth.TestPhoneOTPRegression" name="test_phone_verify" time="0.046" /><testcase classname="backend.tests.test_email_auth.TestPhoneOTPRegression" name="test_me_with_phone_jwt" time="0.046" /><testcase classname="backend.tests.test_email_auth.TestAdminRegression" name="test_admin_login" time="0.274" /><testcase classname="backend.tests.test_email_auth.TestAdminRegression" name="test_admin_users_admin_only" time="0.069" /><testcase classname="backend.tests.test_email_auth.TestAdminRegression" name="test_admin_users_non_admin_forbidden" time="0.050" /><testcase classname="backend.tests.test_email_auth.TestAdminRegression" name="test_admin_payments_admin_only" time="0.048" /><testcase classname="backend.tests.test_email_auth.TestAdminRegression" name="test_admin_payments_non_admin_forbidden" time="0.045" /><testcase classname="backend.tests.test_email_auth.TestEventsRegression" name="test_events_at_least_one" time="0.048" /><testcase classname="backend.tests.test_email_auth.TestPaymentsRegression" name="test_create_application" time="0.048" /><testcase classname="backend.tests.test_email_auth.TestPaymentsRegression" name="test_create_razorpay_order" time="1.017" /></testsuite></testsuites>