<?xml version="1.0" encoding="utf-8"?><testsuites name="pytest tests"><testsuite name="pytest" errors="0" failures="0" skipped="0" tests="9" time="2.599" timestamp="2026-07-02T09:23:38.821432+00:00" hostname="agent-env-72a4728e-67b4-4b8b-8bf0-99c982a57c83"><testcase classname="backend.tests.test_admin_users_aggregation.TestAdminAuth" name="test_admin_login_returns_admin_role" time="0.634" /><testcase classname="backend.tests.test_admin_users_aggregation.TestAdminUsersAggregation" name="test_admin_users_returns_list_with_counts" time="1.226" /><testcase classname="backend.tests.test_admin_users_aggregation.TestAdminUsersAggregation" name="test_seeded_users_have_expected_counts" time="0.051" /><testcase classname="backend.tests.test_admin_users_aggregation.TestAdminUsersAggregation" name="test_edge_case_zero_apps_user" time="0.054" /><testcase classname="backend.tests.test_admin_users_aggregation.TestAdminUsersAggregation" name="test_no_mongo_id_leak" time="0.050" /><testcase classname="backend.tests.test_admin_users_aggregation.TestAdminRegressions" name="test_admin_user_detail" time="0.054" /><testcase classname="backend.tests.test_admin_users_aggregation.TestAdminRegressions" name="test_admin_user_detail_404" time="0.048" /><testcase classname="backend.tests.test_admin_users_aggregation.TestAdminRegressions" name="test_admin_analytics" time="0.050" /><testcase classname="backend.tests.test_admin_users_aggregation.TestAdminRegressions" name="test_non_admin_cannot_list_users" time="0.371" /></testsuite></testsuites>