<?xml version="1.0" encoding="utf-8"?><testsuites name="pytest tests"><testsuite name="pytest" errors="0" failures="0" skipped="0" tests="14" time="2.878" timestamp="2026-05-25T11:42:38.232905+00:00" hostname="agent-env-72a4728e-67b4-4b8b-8bf0-99c982a57c83"><testcase classname="backend.tests.test_google_and_regression.TestGoogleSessionEndpoint" name="test_missing_session_id_returns_400" time="0.306" /><testcase classname="backend.tests.test_google_and_regression.TestGoogleSessionEndpoint" name="test_whitespace_session_id_returns_400" time="0.049" /><testcase classname="backend.tests.test_google_and_regression.TestGoogleSessionEndpoint" name="test_bogus_session_id_returns_401_not_500" time="0.276" /><testcase classname="backend.tests.test_google_and_regression.TestGoogleSessionEndpoint" name="test_missing_body_field_returns_422" time="0.046" /><testcase classname="backend.tests.test_google_and_regression.TestPhoneOtpRegression" name="test_phone_start_returns_test_code" time="0.049" /><testcase classname="backend.tests.test_google_and_regression.TestPhoneOtpRegression" name="test_phone_verify_returns_token_and_user" time="0.315" /><testcase classname="backend.tests.test_google_and_regression.TestPhoneOtpRegression" name="test_me_returns_same_user" time="0.047" /><testcase classname="backend.tests.test_google_and_regression.TestPhoneOtpRegression" name="test_phone_verify_bad_code_rejected" time="0.051" /><testcase classname="backend.tests.test_google_and_regression.TestAdminLoginRegression" name="test_admin_login_returns_admin_role" time="0.321" /><testcase classname="backend.tests.test_google_and_regression.TestEventsRegression" name="test_list_events_seeded" time="0.045" /><testcase classname="backend.tests.test_google_and_regression.TestApplicationAndRealRazorpay" name="test_create_application_and_real_order" time="1.098" /><testcase classname="backend.tests.test_google_and_regression.TestAdminEndpoints" name="test_admin_applications_list" time="0.047" /><testcase classname="backend.tests.test_google_and_regression.TestAdminEndpoints" name="test_admin_users_list" time="0.051" /><testcase classname="backend.tests.test_google_and_regression.TestAdminEndpoints" name="test_admin_analytics_still_ok" time="0.046" /></testsuite></testsuites>