<?xml version="1.0" encoding="utf-8"?><testsuites name="pytest tests"><testsuite name="pytest" errors="0" failures="0" skipped="0" tests="25" time="4.761" timestamp="2026-05-25T12:00:26.395845+00:00" hostname="agent-env-72a4728e-67b4-4b8b-8bf0-99c982a57c83"><testcase classname="backend.tests.test_admin_management.TestAdminUsersList" name="test_no_token_returns_401_or_403" time="0.252" /><testcase classname="backend.tests.test_admin_management.TestAdminUsersList" name="test_non_admin_returns_403" time="0.370" /><testcase classname="backend.tests.test_admin_management.TestAdminUsersList" name="test_admin_lists_users_with_stats" time="0.325" /><testcase classname="backend.tests.test_admin_management.TestAdminUserDetail" name="test_non_admin_returns_403" time="0.045" /><testcase classname="backend.tests.test_admin_management.TestAdminUserDetail" name="test_404_for_nonexistent" time="0.046" /><testcase classname="backend.tests.test_admin_management.TestAdminUserDetail" name="test_admin_gets_full_detail" time="0.088" /><testcase classname="backend.tests.test_admin_management.TestAdminUpdateUser" name="test_non_admin_returns_403" time="0.048" /><testcase classname="backend.tests.test_admin_management.TestAdminUpdateUser" name="test_404_for_nonexistent" time="0.048" /><testcase classname="backend.tests.test_admin_management.TestAdminUpdateUser" name="test_admin_cannot_demote_self" time="0.048" /><testcase classname="backend.tests.test_admin_management.TestAdminUpdateUser" name="test_admin_can_update_other_user" time="0.451" /><testcase classname="backend.tests.test_admin_management.TestAdminDeleteUser" name="test_non_admin_returns_403" time="0.047" /><testcase classname="backend.tests.test_admin_management.TestAdminDeleteUser" name="test_admin_cannot_delete_self" time="0.047" /><testcase classname="backend.tests.test_admin_management.TestAdminDeleteUser" name="test_admin_delete_happy_path" time="0.403" /><testcase classname="backend.tests.test_admin_management.TestAdminPayments" name="test_non_admin_returns_403" time="0.043" /><testcase classname="backend.tests.test_admin_management.TestAdminPayments" name="test_admin_list_shape" time="0.053" /><testcase classname="backend.tests.test_admin_management.TestAdminPayments" name="test_status_filter_paid" time="0.045" /><testcase classname="backend.tests.test_admin_management.TestAdminPayments" name="test_status_filter_created" time="0.055" /><testcase classname="backend.tests.test_admin_management.TestAdminBroadcast" name="test_non_admin_returns_403" time="0.044" /><testcase classname="backend.tests.test_admin_management.TestAdminBroadcast" name="test_broadcast_selected_safe" time="0.044" /><testcase classname="backend.tests.test_admin_management.TestAdminBroadcast" name="test_broadcast_paid_and_delivered" time="0.091" /><testcase classname="backend.tests.test_admin_management.TestAdminBroadcast" name="test_broadcast_validation_missing_fields" time="0.047" /><testcase classname="backend.tests.test_admin_management.TestRegression" name="test_admin_login" time="0.268" /><testcase classname="backend.tests.test_admin_management.TestRegression" name="test_phone_otp_full_flow" time="0.309" /><testcase classname="backend.tests.test_admin_management.TestRegression" name="test_events_listed" time="0.045" /><testcase classname="backend.tests.test_admin_management.TestRegression" name="test_razorpay_create_order_real" time="1.401" /></testsuite></testsuites>