<?xml version="1.0" encoding="utf-8"?><testsuites name="pytest tests"><testsuite name="pytest" errors="0" failures="0" skipped="0" tests="33" time="8.281" timestamp="2026-05-04T08:02:55.221946+00:00" hostname="agent-env-72a4728e-67b4-4b8b-8bf0-99c982a57c83"><testcase classname="backend.tests.backend_test.TestHealth" name="test_root" time="0.151" /><testcase classname="backend.tests.backend_test.TestAuth" name="test_register_duplicate_rejected" time="0.316" /><testcase classname="backend.tests.backend_test.TestAuth" name="test_login_bad_password" time="0.269" /><testcase classname="backend.tests.backend_test.TestAuth" name="test_login_good" time="0.264" /><testcase classname="backend.tests.backend_test.TestAuth" name="test_me_requires_token" time="0.043" /><testcase classname="backend.tests.backend_test.TestAuth" name="test_me_with_token" time="0.042" /><testcase classname="backend.tests.backend_test.TestAuth" name="test_self_register_admin_downgraded" time="0.266" /><testcase classname="backend.tests.backend_test.TestUsers" name="test_update_profile" time="0.086" /><testcase classname="backend.tests.backend_test.TestEvents" name="test_list_events_seeded" time="0.043" /><testcase classname="backend.tests.backend_test.TestEvents" name="test_filter_by_category" time="0.042" /><testcase classname="backend.tests.backend_test.TestEvents" name="test_filter_by_city" time="0.042" /><testcase classname="backend.tests.backend_test.TestEvents" name="test_get_event_by_id" time="0.083" /><testcase classname="backend.tests.backend_test.TestEvents" name="test_get_event_not_found" time="0.042" /><testcase classname="backend.tests.backend_test.TestEvents" name="test_participant_cannot_create_event" time="0.045" /><testcase classname="backend.tests.backend_test.TestEvents" name="test_admin_create_update_delete_event" time="0.524" /><testcase classname="backend.tests.backend_test.TestApplications" name="test_duplicate_application_rejected" time="0.168" /><testcase classname="backend.tests.backend_test.TestApplications" name="test_my_applications" time="0.043" /><testcase classname="backend.tests.backend_test.TestApplications" name="test_get_application" time="0.042" /><testcase classname="backend.tests.backend_test.TestApplications" name="test_participant_cannot_list_admin_apps" time="0.042" /><testcase classname="backend.tests.backend_test.TestApplications" name="test_admin_list_applications" time="0.046" /><testcase classname="backend.tests.backend_test.TestApplications" name="test_admin_update_status" time="0.046" /><testcase classname="backend.tests.backend_test.TestApplications" name="test_participant_cannot_update_status" time="0.046" /><testcase classname="backend.tests.backend_test.TestPayments" name="test_create_order_mock" time="0.046" /><testcase classname="backend.tests.backend_test.TestPayments" name="test_verify_mock" time="0.091" /><testcase classname="backend.tests.backend_test.TestPayments" name="test_my_payments" time="0.043" /><testcase classname="backend.tests.backend_test.TestCertificates" name="test_mine_after_shortlist" time="0.044" /><testcase classname="backend.tests.backend_test.TestCertificates" name="test_pdf_generation" time="0.067" /><testcase classname="backend.tests.backend_test.TestNotifications" name="test_list_notifications" time="0.044" /><testcase classname="backend.tests.backend_test.TestNotifications" name="test_mark_read" time="0.088" /><testcase classname="backend.tests.backend_test.TestAI" name="test_score_profile" time="4.892" /><testcase classname="backend.tests.backend_test.TestAdmin" name="test_analytics" time="0.047" /><testcase classname="backend.tests.backend_test.TestAdmin" name="test_admin_users" time="0.043" /><testcase classname="backend.tests.backend_test.TestAdmin" name="test_participant_cannot_access_analytics" time="0.042" /></testsuite></testsuites>